android/app/build/intermediates/manifest_merge_blame_file/debug/manifest-merger-blame-debug-report.txt
1<?xml version="1.0" encoding="utf-8"?>
2<manifest xmlns:android="http://schemas.android.com/apk/res/android"
3    package="app.vercel.codora"
4    android:versionCode="1"
5    android:versionName="1.0" >
6
7    <uses-sdk
8        android:minSdkVersion="22"
9        android:targetSdkVersion="34" />
10
11    <!-- Permissions -->
12
13    <uses-permission android:name="android.permission.INTERNET" />
13-->src\main\AndroidManifest.xml:42:5-67
13-->src\main\AndroidManifest.xml:42:22-64
14    <uses-permission android:name="android.permission.RECORD_AUDIO" />
14-->[:capacitor-community-speech-recognition] AndroidManifest.xml:7:5-71
14-->[:capacitor-community-speech-recognition] AndroidManifest.xml:7:22-68
15
16    <queries>
16-->[:capacitor-community-speech-recognition] AndroidManifest.xml:9:5-13:15
17        <intent>
17-->[:capacitor-community-speech-recognition] AndroidManifest.xml:10:9-12:18
18            <action android:name="android.speech.RecognitionService" />
18-->[:capacitor-community-speech-recognition] AndroidManifest.xml:11:13-72
18-->[:capacitor-community-speech-recognition] AndroidManifest.xml:11:21-69
19        </intent>
20    </queries>
21
22    <uses-permission android:name="android.permission.RECEIVE_BOOT_COMPLETED" />
22-->[:capacitor-local-notifications] AndroidManifest.xml:7:5-81
22-->[:capacitor-local-notifications] AndroidManifest.xml:7:22-78
23    <uses-permission android:name="android.permission.WAKE_LOCK" />
23-->[:capacitor-local-notifications] AndroidManifest.xml:8:5-68
23-->[:capacitor-local-notifications] AndroidManifest.xml:8:22-65
24    <uses-permission android:name="android.permission.POST_NOTIFICATIONS" />
24-->[:capacitor-local-notifications] AndroidManifest.xml:9:5-77
24-->[:capacitor-local-notifications] AndroidManifest.xml:9:22-74
25    <uses-permission android:name="android.permission.ACCESS_NETWORK_STATE" />
25-->[:capacitor-network] AndroidManifest.xml:7:5-79
25-->[:capacitor-network] AndroidManifest.xml:7:22-76
26    <uses-permission android:name="android.permission.USE_CREDENTIALS" />
26-->[:codetrix-studio-capacitor-google-auth] AndroidManifest.xml:7:5-74
26-->[:codetrix-studio-capacitor-google-auth] AndroidManifest.xml:7:22-71
27
28    <permission
28-->[androidx.core:core:1.12.0] AndroidManifest.xml:22:5-24:47
29        android:name="app.vercel.codora.DYNAMIC_RECEIVER_NOT_EXPORTED_PERMISSION"
29-->[androidx.core:core:1.12.0] AndroidManifest.xml:23:9-81
30        android:protectionLevel="signature" />
30-->[androidx.core:core:1.12.0] AndroidManifest.xml:24:9-44
31
32    <uses-permission android:name="app.vercel.codora.DYNAMIC_RECEIVER_NOT_EXPORTED_PERMISSION" />
32-->[androidx.core:core:1.12.0] AndroidManifest.xml:26:5-97
32-->[androidx.core:core:1.12.0] AndroidManifest.xml:26:22-94
33
34    <application
34-->src\main\AndroidManifest.xml:3:5-38:19
35        android:allowBackup="true"
35-->src\main\AndroidManifest.xml:4:9-35
36        android:appComponentFactory="androidx.core.app.CoreComponentFactory"
36-->[androidx.core:core:1.12.0] AndroidManifest.xml:28:18-86
37        android:debuggable="true"
38        android:extractNativeLibs="true"
39        android:icon="@mipmap/ic_launcher"
39-->src\main\AndroidManifest.xml:5:9-43
40        android:label="@string/app_name"
40-->src\main\AndroidManifest.xml:6:9-41
41        android:roundIcon="@mipmap/ic_launcher_round"
41-->src\main\AndroidManifest.xml:7:9-54
42        android:supportsRtl="true"
42-->src\main\AndroidManifest.xml:8:9-35
43        android:theme="@style/AppTheme"
43-->src\main\AndroidManifest.xml:9:9-40
44        android:usesCleartextTraffic="true" >
44-->[:capacitor-cordova-android-plugins] AndroidManifest.xml:8:18-53
45        <activity
45-->src\main\AndroidManifest.xml:10:9-29:20
46            android:name="app.vercel.codora.MainActivity"
46-->src\main\AndroidManifest.xml:12:13-41
47            android:configChanges="orientation|keyboardHidden|keyboard|screenSize|locale|smallestScreenSize|screenLayout|uiMode"
47-->src\main\AndroidManifest.xml:11:13-129
48            android:exported="true"
48-->src\main\AndroidManifest.xml:16:13-36
49            android:label="@string/title_activity_main"
49-->src\main\AndroidManifest.xml:13:13-56
50            android:launchMode="singleTask"
50-->src\main\AndroidManifest.xml:15:13-44
51            android:theme="@style/AppTheme.NoActionBarLaunch" >
51-->src\main\AndroidManifest.xml:14:13-62
52            <intent-filter>
52-->src\main\AndroidManifest.xml:17:13-20:29
53                <action android:name="android.intent.action.MAIN" />
53-->src\main\AndroidManifest.xml:18:17-69
53-->src\main\AndroidManifest.xml:18:25-66
54
55                <category android:name="android.intent.category.LAUNCHER" />
55-->src\main\AndroidManifest.xml:19:17-77
55-->src\main\AndroidManifest.xml:19:27-74
56            </intent-filter>
57
58            <!-- Intent filter for Google Sign-In -->
59            <intent-filter>
59-->src\main\AndroidManifest.xml:23:13-28:29
60                <action android:name="android.intent.action.VIEW" />
60-->src\main\AndroidManifest.xml:24:17-69
60-->src\main\AndroidManifest.xml:24:25-66
61
62                <category android:name="android.intent.category.DEFAULT" />
62-->src\main\AndroidManifest.xml:25:17-76
62-->src\main\AndroidManifest.xml:25:27-73
63                <category android:name="android.intent.category.BROWSABLE" />
63-->src\main\AndroidManifest.xml:26:17-78
63-->src\main\AndroidManifest.xml:26:27-75
64
65                <data
65-->src\main\AndroidManifest.xml:27:17-81
66                    android:host="login"
66-->src\main\AndroidManifest.xml:27:58-78
67                    android:scheme="app.vercel.codora" />
67-->src\main\AndroidManifest.xml:27:23-57
68            </intent-filter>
69        </activity>
70
71        <provider
72            android:name="androidx.core.content.FileProvider"
72-->src\main\AndroidManifest.xml:32:13-62
73            android:authorities="app.vercel.codora.fileprovider"
73-->src\main\AndroidManifest.xml:33:13-64
74            android:exported="false"
74-->src\main\AndroidManifest.xml:34:13-37
75            android:grantUriPermissions="true" >
75-->src\main\AndroidManifest.xml:35:13-47
76            <meta-data
76-->src\main\AndroidManifest.xml:36:13-112
77                android:name="android.support.FILE_PROVIDER_PATHS"
77-->src\main\AndroidManifest.xml:36:24-74
78                android:resource="@xml/file_paths" />
78-->src\main\AndroidManifest.xml:36:75-109
79        </provider>
80
81        <receiver android:name="com.capacitorjs.plugins.localnotifications.TimedNotificationPublisher" />
81-->[:capacitor-local-notifications] AndroidManifest.xml:12:9-106
81-->[:capacitor-local-notifications] AndroidManifest.xml:12:19-103
82        <receiver android:name="com.capacitorjs.plugins.localnotifications.NotificationDismissReceiver" />
82-->[:capacitor-local-notifications] AndroidManifest.xml:13:9-107
82-->[:capacitor-local-notifications] AndroidManifest.xml:13:19-104
83        <receiver
83-->[:capacitor-local-notifications] AndroidManifest.xml:14:9-23:20
84            android:name="com.capacitorjs.plugins.localnotifications.LocalNotificationRestoreReceiver"
84-->[:capacitor-local-notifications] AndroidManifest.xml:15:13-103
85            android:directBootAware="true"
85-->[:capacitor-local-notifications] AndroidManifest.xml:16:13-43
86            android:exported="false" >
86-->[:capacitor-local-notifications] AndroidManifest.xml:17:13-37
87            <intent-filter>
87-->[:capacitor-local-notifications] AndroidManifest.xml:18:13-22:29
88                <action android:name="android.intent.action.LOCKED_BOOT_COMPLETED" />
88-->[:capacitor-local-notifications] AndroidManifest.xml:19:17-86
88-->[:capacitor-local-notifications] AndroidManifest.xml:19:25-83
89                <action android:name="android.intent.action.BOOT_COMPLETED" />
89-->[:capacitor-local-notifications] AndroidManifest.xml:20:17-79
89-->[:capacitor-local-notifications] AndroidManifest.xml:20:25-76
90                <action android:name="android.intent.action.QUICKBOOT_POWERON" />
90-->[:capacitor-local-notifications] AndroidManifest.xml:21:17-82
90-->[:capacitor-local-notifications] AndroidManifest.xml:21:25-79
91            </intent-filter>
92        </receiver>
93
94        <activity
94-->[com.google.android.gms:play-services-auth:20.7.0] AndroidManifest.xml:23:9-27:75
95            android:name="com.google.android.gms.auth.api.signin.internal.SignInHubActivity"
95-->[com.google.android.gms:play-services-auth:20.7.0] AndroidManifest.xml:24:13-93
96            android:excludeFromRecents="true"
96-->[com.google.android.gms:play-services-auth:20.7.0] AndroidManifest.xml:25:13-46
97            android:exported="false"
97-->[com.google.android.gms:play-services-auth:20.7.0] AndroidManifest.xml:26:13-37
98            android:theme="@android:style/Theme.Translucent.NoTitleBar" />
98-->[com.google.android.gms:play-services-auth:20.7.0] AndroidManifest.xml:27:13-72
99        <!--
100            Service handling Google Sign-In user revocation. For apps that do not integrate with
101            Google Sign-In, this service will never be started.
102        -->
103        <service
103-->[com.google.android.gms:play-services-auth:20.7.0] AndroidManifest.xml:33:9-37:51
104            android:name="com.google.android.gms.auth.api.signin.RevocationBoundService"
104-->[com.google.android.gms:play-services-auth:20.7.0] AndroidManifest.xml:34:13-89
105            android:exported="true"
105-->[com.google.android.gms:play-services-auth:20.7.0] AndroidManifest.xml:35:13-36
106            android:permission="com.google.android.gms.auth.api.signin.permission.REVOCATION_NOTIFICATION"
106-->[com.google.android.gms:play-services-auth:20.7.0] AndroidManifest.xml:36:13-107
107            android:visibleToInstantApps="true" />
107-->[com.google.android.gms:play-services-auth:20.7.0] AndroidManifest.xml:37:13-48
108
109        <activity
109-->[com.google.android.gms:play-services-base:18.0.1] AndroidManifest.xml:20:9-22:45
110            android:name="com.google.android.gms.common.api.GoogleApiActivity"
110-->[com.google.android.gms:play-services-base:18.0.1] AndroidManifest.xml:20:19-85
111            android:exported="false"
111-->[com.google.android.gms:play-services-base:18.0.1] AndroidManifest.xml:22:19-43
112            android:theme="@android:style/Theme.Translucent.NoTitleBar" />
112-->[com.google.android.gms:play-services-base:18.0.1] AndroidManifest.xml:21:19-78
113
114        <meta-data
114-->[com.google.android.gms:play-services-basement:18.2.0] AndroidManifest.xml:21:9-23:69
115            android:name="com.google.android.gms.version"
115-->[com.google.android.gms:play-services-basement:18.2.0] AndroidManifest.xml:22:13-58
116            android:value="@integer/google_play_services_version" />
116-->[com.google.android.gms:play-services-basement:18.2.0] AndroidManifest.xml:23:13-66
117
118        <provider
118-->[androidx.emoji2:emoji2:1.2.0] AndroidManifest.xml:24:9-32:20
119            android:name="androidx.startup.InitializationProvider"
119-->[androidx.emoji2:emoji2:1.2.0] AndroidManifest.xml:25:13-67
120            android:authorities="app.vercel.codora.androidx-startup"
120-->[androidx.emoji2:emoji2:1.2.0] AndroidManifest.xml:26:13-68
121            android:exported="false" >
121-->[androidx.emoji2:emoji2:1.2.0] AndroidManifest.xml:27:13-37
122            <meta-data
122-->[androidx.emoji2:emoji2:1.2.0] AndroidManifest.xml:29:13-31:52
123                android:name="androidx.emoji2.text.EmojiCompatInitializer"
123-->[androidx.emoji2:emoji2:1.2.0] AndroidManifest.xml:30:17-75
124                android:value="androidx.startup" />
124-->[androidx.emoji2:emoji2:1.2.0] AndroidManifest.xml:31:17-49
125            <meta-data
125-->[androidx.lifecycle:lifecycle-process:2.6.1] AndroidManifest.xml:29:13-31:52
126                android:name="androidx.lifecycle.ProcessLifecycleInitializer"
126-->[androidx.lifecycle:lifecycle-process:2.6.1] AndroidManifest.xml:30:17-78
127                android:value="androidx.startup" />
127-->[androidx.lifecycle:lifecycle-process:2.6.1] AndroidManifest.xml:31:17-49
128            <meta-data
128-->[androidx.profileinstaller:profileinstaller:1.3.0] AndroidManifest.xml:29:13-31:52
129                android:name="androidx.profileinstaller.ProfileInstallerInitializer"
129-->[androidx.profileinstaller:profileinstaller:1.3.0] AndroidManifest.xml:30:17-85
130                android:value="androidx.startup" />
130-->[androidx.profileinstaller:profileinstaller:1.3.0] AndroidManifest.xml:31:17-49
131        </provider>
132
133        <receiver
133-->[androidx.profileinstaller:profileinstaller:1.3.0] AndroidManifest.xml:34:9-52:20
134            android:name="androidx.profileinstaller.ProfileInstallReceiver"
134-->[androidx.profileinstaller:profileinstaller:1.3.0] AndroidManifest.xml:35:13-76
135            android:directBootAware="false"
135-->[androidx.profileinstaller:profileinstaller:1.3.0] AndroidManifest.xml:36:13-44
136            android:enabled="true"
136-->[androidx.profileinstaller:profileinstaller:1.3.0] AndroidManifest.xml:37:13-35
137            android:exported="true"
137-->[androidx.profileinstaller:profileinstaller:1.3.0] AndroidManifest.xml:38:13-36
138            android:permission="android.permission.DUMP" >
138-->[androidx.profileinstaller:profileinstaller:1.3.0] AndroidManifest.xml:39:13-57
139            <intent-filter>
139-->[androidx.profileinstaller:profileinstaller:1.3.0] AndroidManifest.xml:40:13-42:29
140                <action android:name="androidx.profileinstaller.action.INSTALL_PROFILE" />
140-->[androidx.profileinstaller:profileinstaller:1.3.0] AndroidManifest.xml:41:17-91
140-->[androidx.profileinstaller:profileinstaller:1.3.0] AndroidManifest.xml:41:25-88
141            </intent-filter>
142            <intent-filter>
142-->[androidx.profileinstaller:profileinstaller:1.3.0] AndroidManifest.xml:43:13-45:29
143                <action android:name="androidx.profileinstaller.action.SKIP_FILE" />
143-->[androidx.profileinstaller:profileinstaller:1.3.0] AndroidManifest.xml:44:17-85
143-->[androidx.profileinstaller:profileinstaller:1.3.0] AndroidManifest.xml:44:25-82
144            </intent-filter>
145            <intent-filter>
145-->[androidx.profileinstaller:profileinstaller:1.3.0] AndroidManifest.xml:46:13-48:29
146                <action android:name="androidx.profileinstaller.action.SAVE_PROFILE" />
146-->[androidx.profileinstaller:profileinstaller:1.3.0] AndroidManifest.xml:47:17-88
146-->[androidx.profileinstaller:profileinstaller:1.3.0] AndroidManifest.xml:47:25-85
147            </intent-filter>
148            <intent-filter>
148-->[androidx.profileinstaller:profileinstaller:1.3.0] AndroidManifest.xml:49:13-51:29
149                <action android:name="androidx.profileinstaller.action.BENCHMARK_OPERATION" />
149-->[androidx.profileinstaller:profileinstaller:1.3.0] AndroidManifest.xml:50:17-95
149-->[androidx.profileinstaller:profileinstaller:1.3.0] AndroidManifest.xml:50:25-92
150            </intent-filter>
151        </receiver>
152    </application>
153
154</manifest>